<?xml version="1.0" encoding="UTF-8"?>
<testsuites name="jest tests" tests="1" failures="0" errors="0" time="26.07">
  <testsuite name="undefined" errors="0" failures="0" skipped="0" timestamp="2024-09-19T12:14:21" time="24.97" tests="1">
    <testcase classname=" renders correctly" name=" renders correctly" time="3.039">
    </testcase>
  </testsuite>
</testsuites>